# JRE version: OpenJDK Runtime Environment Temurin-17.0.11+9 (17.0.11+9) (build 17.0.11+9)
# Java VM: OpenJDK 64-Bit Server VM Temurin-17.0.11+9 (17.0.11+9, mixed mode, tiered, compressed oops, compressed class ptrs, g1 gc, windows-amd64)
GC Precious Log:
 CPUs: 8 total, 8 available
 Memory: 8029M
 Large Page Support: Disabled
 NUMA Support: Disabled
 Compressed Oops: Enabled (32-bit)
 Heap Region Size: 1M
 Heap Min Capacity: 8M
 Heap Initial Capacity: 126M
 Heap Max Capacity: 2008M
 Pre-touch: Disabled
 Parallel Workers: 8
 Concurrent Workers: 2
 Concurrent Refinement Workers: 8
 Periodic GC: Disabled
Heap:
 garbage-first heap   total 60416K, used 37011K [0x0000000082800000, 0x0000000100000000)
  region size 1024K, 12 young (12288K), 3 survivors (3072K)
 Metaspace       used 72205K, committed 72768K, reserved 1114112K
  class space    used 9488K, committed 9792K, reserved 1048576K
GC Heap History (20 events):
Event: 27.835 GC heap before
{Heap before GC invocations=28 (full 0):
 garbage-first heap   total 55296K, used 43149K [0x0000000082800000, 0x0000000100000000)
  region size 1024K, 17 young (17408K), 2 survivors (2048K)
 Metaspace       used 68186K, committed 68736K, reserved 1114112K
  class space    used 9140K, committed 9408K, reserved 1048576K
}
Event: 27.840 GC heap after
{Heap after GC invocations=29 (full 0):
 garbage-first heap   total 55296K, used 29815K [0x0000000082800000, 0x0000000100000000)
  region size 1024K, 3 young (3072K), 3 survivors (3072K)
 Metaspace       used 68186K, committed 68736K, reserved 1114112K
  class space    used 9140K, committed 9408K, reserved 1048576K
}
Event: 181.580 GC heap before
{Heap before GC invocations=29 (full 0):
 garbage-first heap   total 55296K, used 43127K [0x0000000082800000, 0x0000000100000000)
  region size 1024K, 16 young (16384K), 3 survivors (3072K)
 Metaspace       used 70483K, committed 71040K, reserved 1114112K
  class space    used 9399K, committed 9664K, reserved 1048576K
}
Event: 181.583 GC heap after
{Heap after GC invocations=30 (full 0):
 garbage-first heap   total 55296K, used 30934K [0x0000000082800000, 0x0000000100000000)
  region size 1024K, 2 young (2048K), 2 survivors (2048K)
 Metaspace       used 70483K, committed 71040K, reserved 1114112K
  class space    used 9399K, committed 9664K, reserved 1048576K
}
Event: 216.893 GC heap before
{Heap before GC invocations=31 (full 0):
 garbage-first heap   total 56320K, used 32982K [0x0000000082800000, 0x0000000100000000)
  region size 1024K, 5 young (5120K), 2 survivors (2048K)
 Metaspace       used 70674K, committed 71232K, reserved 1114112K
  class space    used 9433K, committed 9664K, reserved 1048576K
}
Event: 216.940 GC heap after
{Heap after GC invocations=32 (full 1):
 garbage-first heap   total 56320K, used 25200K [0x0000000082800000, 0x0000000100000000)
  region size 1024K, 0 young (0K), 0 survivors (0K)
 Metaspace       used 70674K, committed 71232K, reserved 1114112K
  class space    used 9433K, committed 9664K, reserved 1048576K
}
Event: 217.219 GC heap before
{Heap before GC invocations=32 (full 1):
 garbage-first heap   total 56320K, used 42608K [0x0000000082800000, 0x0000000100000000)
  region size 1024K, 18 young (18432K), 0 survivors (0K)
 Metaspace       used 70804K, committed 71360K, reserved 1114112K
  class space    used 9437K, committed 9728K, reserved 1048576K
}
Event: 217.221 GC heap after
{Heap after GC invocations=33 (full 1):
 garbage-first heap   total 56320K, used 26809K [0x0000000082800000, 0x0000000100000000)
  region size 1024K, 2 young (2048K), 2 survivors (2048K)
 Metaspace       used 70804K, committed 71360K, reserved 1114112K
  class space    used 9437K, committed 9728K, reserved 1048576K
}
Event: 217.483 GC heap before
{Heap before GC invocations=34 (full 1):
 garbage-first heap   total 56320K, used 43193K [0x0000000082800000, 0x0000000100000000)
  region size 1024K, 18 young (18432K), 2 survivors (2048K)
 Metaspace       used 71020K, committed 71616K, reserved 1114112K
  class space    used 9441K, committed 9728K, reserved 1048576K
}
Event: 217.486 GC heap after
{Heap after GC invocations=35 (full 1):
 garbage-first heap   total 56320K, used 27961K [0x0000000082800000, 0x0000000100000000)
  region size 1024K, 3 young (3072K), 3 survivors (3072K)
 Metaspace       used 71020K, committed 71616K, reserved 1114112K
  class space    used 9441K, committed 9728K, reserved 1048576K
}
Event: 217.771 GC heap before
{Heap before GC invocations=35 (full 1):
 garbage-first heap   total 56320K, used 42297K [0x0000000082800000, 0x0000000100000000)
  region size 1024K, 18 young (18432K), 3 survivors (3072K)
 Metaspace       used 71420K, committed 71936K, reserved 1114112K
  class space    used 9465K, committed 9728K, reserved 1048576K
}
Event: 217.774 GC heap after
{Heap after GC invocations=36 (full 1):
 garbage-first heap   total 56320K, used 29376K [0x0000000082800000, 0x0000000100000000)
  region size 1024K, 3 young (3072K), 3 survivors (3072K)
 Metaspace       used 71420K, committed 71936K, reserved 1114112K
  class space    used 9465K, committed 9728K, reserved 1048576K
}
Event: 235.639 GC heap before
{Heap before GC invocations=37 (full 1):
 garbage-first heap   total 56320K, used 42688K [0x0000000082800000, 0x0000000100000000)
  region size 1024K, 17 young (17408K), 3 survivors (3072K)
 Metaspace       used 71627K, committed 72256K, reserved 1114112K
  class space    used 9470K, committed 9792K, reserved 1048576K
}
Event: 235.681 GC heap after
{Heap after GC invocations=38 (full 2):
 garbage-first heap   total 56320K, used 24533K [0x0000000082800000, 0x0000000100000000)
  region size 1024K, 0 young (0K), 0 survivors (0K)
 Metaspace       used 71627K, committed 72256K, reserved 1114112K
  class space    used 9470K, committed 9792K, reserved 1048576K
}
Event: 235.871 GC heap before
{Heap before GC invocations=38 (full 2):
 garbage-first heap   total 56320K, used 42965K [0x0000000082800000, 0x0000000100000000)
  region size 1024K, 19 young (19456K), 0 survivors (0K)
 Metaspace       used 71710K, committed 72384K, reserved 1114112K
  class space    used 9472K, committed 9792K, reserved 1048576K
}
Event: 235.873 GC heap after
{Heap after GC invocations=39 (full 2):
 garbage-first heap   total 56320K, used 26361K [0x0000000082800000, 0x0000000100000000)
  region size 1024K, 2 young (2048K), 2 survivors (2048K)
 Metaspace       used 71710K, committed 72384K, reserved 1114112K
  class space    used 9472K, committed 9792K, reserved 1048576K
}
Event: 236.073 GC heap before
{Heap before GC invocations=40 (full 2):
 garbage-first heap   total 56320K, used 43769K [0x0000000082800000, 0x0000000100000000)
  region size 1024K, 19 young (19456K), 2 survivors (2048K)
 Metaspace       used 71889K, committed 72512K, reserved 1114112K
  class space    used 9476K, committed 9792K, reserved 1048576K
}
Event: 236.075 GC heap after
{Heap after GC invocations=41 (full 2):
 garbage-first heap   total 56320K, used 27405K [0x0000000082800000, 0x0000000100000000)
  region size 1024K, 2 young (2048K), 2 survivors (2048K)
 Metaspace       used 71889K, committed 72512K, reserved 1114112K
  class space    used 9476K, committed 9792K, reserved 1048576K
}
Event: 236.253 GC heap before
{Heap before GC invocations=41 (full 2):
 garbage-first heap   total 56320K, used 43789K [0x0000000082800000, 0x0000000100000000)
  region size 1024K, 18 young (18432K), 2 survivors (2048K)
 Metaspace       used 72193K, committed 72768K, reserved 1114112K
  class space    used 9488K, committed 9792K, reserved 1048576K
}
Event: 236.255 GC heap after
{Heap after GC invocations=42 (full 2):
 garbage-first heap   total 56320K, used 28819K [0x0000000082800000, 0x0000000100000000)
  region size 1024K, 3 young (3072K), 3 survivors (3072K)
 Metaspace       used 72193K, committed 72768K, reserved 1114112K
  class space    used 9488K, committed 9792K, reserved 1048576K
}

