# JRE version: OpenJDK Runtime Environment Temurin-17.0.11+9 (17.0.11+9) (build 17.0.11+9)
# Java VM: OpenJDK 64-Bit Server VM Temurin-17.0.11+9 (17.0.11+9, mixed mode, tiered, compressed oops, compressed class ptrs, g1 gc, windows-amd64)
GC Precious Log:
 CPUs: 8 total, 8 available
 Memory: 8029M
 Large Page Support: Disabled
 NUMA Support: Disabled
 Compressed Oops: Enabled (32-bit)
 Heap Region Size: 1M
 Heap Min Capacity: 8M
 Heap Initial Capacity: 126M
 Heap Max Capacity: 2008M
 Pre-touch: Disabled
 Parallel Workers: 8
 Concurrent Workers: 2
 Concurrent Refinement Workers: 8
 Periodic GC: Disabled
Heap:
 garbage-first heap   total 55296K, used 18994K [0x0000000082800000, 0x0000000100000000)
  region size 1024K, 5 young (5120K), 0 survivors (0K)
 Metaspace       used 41503K, committed 42048K, reserved 1114112K
  class space    used 5061K, committed 5312K, reserved 1048576K
GC Heap History (20 events):
Event: 1.856 GC heap before
{Heap before GC invocations=4 (full 0):
 garbage-first heap   total 30720K, used 9872K [0x0000000082800000, 0x0000000100000000)
  region size 1024K, 6 young (6144K), 5 survivors (5120K)
 Metaspace       used 24503K, committed 24832K, reserved 1114112K
  class space    used 2911K, committed 3072K, reserved 1048576K
}
Event: 1.861 GC heap after
{Heap after GC invocations=5 (full 0):
 garbage-first heap   total 30720K, used 9260K [0x0000000082800000, 0x0000000100000000)
  region size 1024K, 1 young (1024K), 1 survivors (1024K)
 Metaspace       used 24503K, committed 24832K, reserved 1114112K
  class space    used 2911K, committed 3072K, reserved 1048576K
}
Event: 2.281 GC heap before
{Heap before GC invocations=5 (full 0):
 garbage-first heap   total 30720K, used 21548K [0x0000000082800000, 0x0000000100000000)
  region size 1024K, 13 young (13312K), 1 survivors (1024K)
 Metaspace       used 25609K, committed 25920K, reserved 1114112K
  class space    used 3027K, committed 3200K, reserved 1048576K
}
Event: 2.283 GC heap after
{Heap after GC invocations=6 (full 0):
 garbage-first heap   total 30720K, used 9538K [0x0000000082800000, 0x0000000100000000)
  region size 1024K, 1 young (1024K), 1 survivors (1024K)
 Metaspace       used 25609K, committed 25920K, reserved 1114112K
  class space    used 3027K, committed 3200K, reserved 1048576K
}
Event: 2.748 GC heap before
{Heap before GC invocations=6 (full 0):
 garbage-first heap   total 30720K, used 22850K [0x0000000082800000, 0x0000000100000000)
  region size 1024K, 14 young (14336K), 1 survivors (1024K)
 Metaspace       used 27935K, committed 28288K, reserved 1114112K
  class space    used 3333K, committed 3520K, reserved 1048576K
}
Event: 2.750 GC heap after
{Heap after GC invocations=7 (full 0):
 garbage-first heap   total 30720K, used 10467K [0x0000000082800000, 0x0000000100000000)
  region size 1024K, 2 young (2048K), 2 survivors (2048K)
 Metaspace       used 27935K, committed 28288K, reserved 1114112K
  class space    used 3333K, committed 3520K, reserved 1048576K
}
Event: 3.179 GC heap before
{Heap before GC invocations=7 (full 0):
 garbage-first heap   total 30720K, used 21731K [0x0000000082800000, 0x0000000100000000)
  region size 1024K, 14 young (14336K), 2 survivors (2048K)
 Metaspace       used 30534K, committed 30848K, reserved 1114112K
  class space    used 3722K, committed 3840K, reserved 1048576K
}
Event: 3.183 GC heap after
{Heap after GC invocations=8 (full 0):
 garbage-first heap   total 30720K, used 11704K [0x0000000082800000, 0x0000000100000000)
  region size 1024K, 2 young (2048K), 2 survivors (2048K)
 Metaspace       used 30534K, committed 30848K, reserved 1114112K
  class space    used 3722K, committed 3840K, reserved 1048576K
}
Event: 3.557 GC heap before
{Heap before GC invocations=8 (full 0):
 garbage-first heap   total 30720K, used 22968K [0x0000000082800000, 0x0000000100000000)
  region size 1024K, 13 young (13312K), 2 survivors (2048K)
 Metaspace       used 32909K, committed 33280K, reserved 1114112K
  class space    used 3984K, committed 4160K, reserved 1048576K
}
Event: 3.562 GC heap after
{Heap after GC invocations=9 (full 0):
 garbage-first heap   total 30720K, used 12813K [0x0000000082800000, 0x0000000100000000)
  region size 1024K, 2 young (2048K), 2 survivors (2048K)
 Metaspace       used 32909K, committed 33280K, reserved 1114112K
  class space    used 3984K, committed 4160K, reserved 1048576K
}
Event: 3.904 GC heap before
{Heap before GC invocations=9 (full 0):
 garbage-first heap   total 30720K, used 23053K [0x0000000082800000, 0x0000000100000000)
  region size 1024K, 12 young (12288K), 2 survivors (2048K)
 Metaspace       used 34535K, committed 34944K, reserved 1114112K
  class space    used 4201K, committed 4416K, reserved 1048576K
}
Event: 3.910 GC heap after
{Heap after GC invocations=10 (full 0):
 garbage-first heap   total 79872K, used 13983K [0x0000000082800000, 0x0000000100000000)
  region size 1024K, 2 young (2048K), 2 survivors (2048K)
 Metaspace       used 34535K, committed 34944K, reserved 1114112K
  class space    used 4201K, committed 4416K, reserved 1048576K
}
Event: 4.118 GC heap before
{Heap before GC invocations=10 (full 0):
 garbage-first heap   total 79872K, used 21151K [0x0000000082800000, 0x0000000100000000)
  region size 1024K, 10 young (10240K), 2 survivors (2048K)
 Metaspace       used 35746K, committed 36160K, reserved 1114112K
  class space    used 4371K, committed 4608K, reserved 1048576K
}
Event: 4.122 GC heap after
{Heap after GC invocations=11 (full 0):
 garbage-first heap   total 79872K, used 14680K [0x0000000082800000, 0x0000000100000000)
  region size 1024K, 3 young (3072K), 3 survivors (3072K)
 Metaspace       used 35746K, committed 36160K, reserved 1114112K
  class space    used 4371K, committed 4608K, reserved 1048576K
}
Event: 422.765 GC heap before
{Heap before GC invocations=12 (full 0):
 garbage-first heap   total 55296K, used 44376K [0x0000000082800000, 0x0000000100000000)
  region size 1024K, 32 young (32768K), 3 survivors (3072K)
 Metaspace       used 40908K, committed 41344K, reserved 1114112K
  class space    used 5032K, committed 5248K, reserved 1048576K
}
Event: 422.773 GC heap after
{Heap after GC invocations=13 (full 0):
 garbage-first heap   total 55296K, used 17238K [0x0000000082800000, 0x0000000100000000)
  region size 1024K, 4 young (4096K), 4 survivors (4096K)
 Metaspace       used 40908K, committed 41344K, reserved 1114112K
  class space    used 5032K, committed 5248K, reserved 1048576K
}
Event: 1829.951 GC heap before
{Heap before GC invocations=13 (full 0):
 garbage-first heap   total 55296K, used 39766K [0x0000000082800000, 0x0000000100000000)
  region size 1024K, 26 young (26624K), 4 survivors (4096K)
 Metaspace       used 41239K, committed 41728K, reserved 1114112K
  class space    used 5034K, committed 5248K, reserved 1048576K
}
Event: 1829.969 GC heap after
{Heap after GC invocations=14 (full 0):
 garbage-first heap   total 55296K, used 17931K [0x0000000082800000, 0x0000000100000000)
  region size 1024K, 1 young (1024K), 1 survivors (1024K)
 Metaspace       used 41239K, committed 41728K, reserved 1114112K
  class space    used 5034K, committed 5248K, reserved 1048576K
}
Event: 2105.730 GC heap before
{Heap before GC invocations=14 (full 0):
 garbage-first heap   total 55296K, used 23051K [0x0000000082800000, 0x0000000100000000)
  region size 1024K, 7 young (7168K), 1 survivors (1024K)
 Metaspace       used 41424K, committed 41856K, reserved 1114112K
  class space    used 5059K, committed 5248K, reserved 1048576K
}
Event: 2105.843 GC heap after
{Heap after GC invocations=15 (full 1):
 garbage-first heap   total 55296K, used 14898K [0x0000000082800000, 0x0000000100000000)
  region size 1024K, 0 young (0K), 0 survivors (0K)
 Metaspace       used 41424K, committed 41856K, reserved 1114112K
  class space    used 5059K, committed 5248K, reserved 1048576K
}

